<?xml version="1.0" encoding="UTF-8"?>
<!-- Generated by org.testng.reporters.JUnitReportReporter -->
<testsuite hostname="win7ent" name="com.homedepot.test.RegisterTest" tests="1" failures="0" timestamp="31 Dec 2015 13:03:48 GMT" time="2.546" errors="0">
  <testcase name="SignInTest" time="2.546" classname="com.homedepot.test.RegisterTest"/>
</testsuite> <!-- com.homedepot.test.RegisterTest -->
