<?xml version="1.0" encoding="UTF-8"?>
<!-- Generated by org.testng.reporters.JUnitReportReporter -->
<testsuite hostname="win7ent" name="com.homedepot.test.TestPage" tests="2" failures="0" timestamp="31 Dec 2015 13:46:12 GMT" time="4.125" errors="0">
  <testcase name="SignInTest" time="4.124" classname="com.homedepot.test.TestPage"/>
  <testcase name="SignOut" time="0.001" classname="com.homedepot.test.TestPage"/>
</testsuite> <!-- com.homedepot.test.TestPage -->
